{
  "stats": {
    "suites": 1,
    "tests": 5,
    "passes": 1,
    "pending": 0,
    "failures": 4,
    "start": "2024-07-24T10:05:01.078Z",
    "end": "2024-07-24T10:06:38.380Z",
    "duration": 97302,
    "testsRegistered": 5,
    "passPercent": 20,
    "pendingPercent": 0,
    "other": 0,
    "hasOther": false,
    "skipped": 0,
    "hasSkipped": false
  },
  "results": [
    {
      "uuid": "63fcaae5-7608-4317-8fbf-3933edb1e00a",
      "title": "",
      "fullFile": "cypress/e2e/features/addMemebers/student/ajoutEtudiant.feature",
      "file": "cypress/e2e/features/addMemebers/student/ajoutEtudiant.feature",
      "beforeHooks": [],
      "afterHooks": [],
      "tests": [],
      "suites": [
        {
          "uuid": "ad70a623-206f-42c1-a3e9-41f0e8caf1ba",
          "title": "Director adds new student with valid and invalid credentials",
          "fullFile": "",
          "file": "",
          "beforeHooks": [],
          "afterHooks": [],
          "tests": [
            {
              "title": "Successful student add",
              "fullTitle": "Director adds new student with valid and invalid credentials Successful student add",
              "timedOut": null,
              "duration": 20760,
              "state": "failed",
              "speed": null,
              "pass": false,
              "fail": true,
              "pending": false,
              "context": null,
              "code": "const state = window.testState;\nreturn cy\n  .then(() => state.onStartScenario(scenario, indexedSteps))\n  .then(() =>\n    resolveAndRunBeforeHooks.call(this, scenario.tags, state.feature.name)\n  )\n  .then(() =>\n    indexedSteps.forEach((step) =>\n      stepTest.call(this, state, step, rowData)\n    )\n  )\n  .then(() => state.onFinishScenario(scenario));",
              "err": {
                "message": "AssertionError: Timed out retrying after 4000ms: Expected to find element: `undefined`, but never found it.",
                "estack": "AssertionError: Timed out retrying after 4000ms: Expected to find element: `undefined`, but never found it.\n    at addStudentActions.fillStudentCridentials (cypress/pageObjects/pageActions/addMemebers/addStudent/addStudentActions.js:40:7)\n    at Context.eval (cypress/e2e/stepDef/addMemebers/student/addStudentStepDefs.js:34:20)\n    at Context.resolveAndRunStepDefinition (node_modules/cypress-cucumber-preprocessor/lib/resolveStepDefinition.js:193:0)\n    at Context.eval (node_modules/cypress-cucumber-preprocessor/lib/createTestFromScenario.js:27:0)",
                "diff": null
              },
              "uuid": "1eef400c-7194-4801-9566-4c17c786b45e",
              "parentUUID": "ad70a623-206f-42c1-a3e9-41f0e8caf1ba",
              "isHook": false,
              "skipped": false
            },
            {
              "title": "Cancel student add",
              "fullTitle": "Director adds new student with valid and invalid credentials Cancel student add",
              "timedOut": null,
              "duration": 15955,
              "state": "passed",
              "speed": "slow",
              "pass": true,
              "fail": false,
              "pending": false,
              "context": null,
              "code": "const state = window.testState;\nreturn cy\n  .then(() => state.onStartScenario(scenario, indexedSteps))\n  .then(() =>\n    resolveAndRunBeforeHooks.call(this, scenario.tags, state.feature.name)\n  )\n  .then(() =>\n    indexedSteps.forEach((step) =>\n      stepTest.call(this, state, step, rowData)\n    )\n  )\n  .then(() => state.onFinishScenario(scenario));",
              "err": {},
              "uuid": "dcd14de7-649d-4ced-9ffe-29891b733e2d",
              "parentUUID": "ad70a623-206f-42c1-a3e9-41f0e8caf1ba",
              "isHook": false,
              "skipped": false
            },
            {
              "title": "Delete student add",
              "fullTitle": "Director adds new student with valid and invalid credentials Delete student add",
              "timedOut": null,
              "duration": 16235,
              "state": "failed",
              "speed": null,
              "pass": false,
              "fail": true,
              "pending": false,
              "context": null,
              "code": "const state = window.testState;\nreturn cy\n  .then(() => state.onStartScenario(scenario, indexedSteps))\n  .then(() =>\n    resolveAndRunBeforeHooks.call(this, scenario.tags, state.feature.name)\n  )\n  .then(() =>\n    indexedSteps.forEach((step) =>\n      stepTest.call(this, state, step, rowData)\n    )\n  )\n  .then(() => state.onFinishScenario(scenario));",
              "err": {
                "message": "AssertionError: Timed out retrying after 2000ms: Expected to find element: `.btn-QuickActions > .material-icons-outlined`, but never found it.",
                "estack": "AssertionError: Timed out retrying after 2000ms: Expected to find element: `.btn-QuickActions > .material-icons-outlined`, but never found it.\n    at addStudentActions.clickOnDeleteButton (cypress/pageObjects/pageActions/addMemebers/addStudent/addStudentActions.js:104:7)\n    at Context.eval (cypress/e2e/stepDef/addMemebers/student/addStudentStepDefs.js:62:20)\n    at Context.resolveAndRunStepDefinition (node_modules/cypress-cucumber-preprocessor/lib/resolveStepDefinition.js:193:0)\n    at Context.eval (node_modules/cypress-cucumber-preprocessor/lib/createTestFromScenario.js:27:0)",
                "diff": null
              },
              "uuid": "3c7e46c8-f727-4551-8a39-fdb66b6c8bc7",
              "parentUUID": "ad70a623-206f-42c1-a3e9-41f0e8caf1ba",
              "isHook": false,
              "skipped": false
            },
            {
              "title": "Unsuccessful student add with invalid cridentials (example #1)",
              "fullTitle": "Director adds new student with valid and invalid credentials Unsuccessful student add with invalid cridentials (example #1)",
              "timedOut": null,
              "duration": 20291,
              "state": "failed",
              "speed": null,
              "pass": false,
              "fail": true,
              "pending": false,
              "context": null,
              "code": "const state = window.testState;\nreturn cy\n  .then(() => state.onStartScenario(scenario, indexedSteps))\n  .then(() =>\n    resolveAndRunBeforeHooks.call(this, scenario.tags, state.feature.name)\n  )\n  .then(() =>\n    indexedSteps.forEach((step) =>\n      stepTest.call(this, state, step, rowData)\n    )\n  )\n  .then(() => state.onFinishScenario(scenario));",
              "err": {
                "message": "AssertionError: Timed out retrying after 4000ms: Expected to find element: `undefined`, but never found it.",
                "estack": "AssertionError: Timed out retrying after 4000ms: Expected to find element: `undefined`, but never found it.\n    at addStudentActions.fillStudentCridentials (cypress/pageObjects/pageActions/addMemebers/addStudent/addStudentActions.js:40:7)\n    at Context.eval (cypress/e2e/stepDef/addMemebers/student/addStudentStepDefs.js:34:20)\n    at Context.resolveAndRunStepDefinition (node_modules/cypress-cucumber-preprocessor/lib/resolveStepDefinition.js:193:0)\n    at Context.eval (node_modules/cypress-cucumber-preprocessor/lib/createTestFromScenario.js:27:0)",
                "diff": null
              },
              "uuid": "75ecf653-3dd5-463c-86f7-ee8a47f76f67",
              "parentUUID": "ad70a623-206f-42c1-a3e9-41f0e8caf1ba",
              "isHook": false,
              "skipped": false
            },
            {
              "title": "Unsuccessful student add with invalid cridentials (example #2)",
              "fullTitle": "Director adds new student with valid and invalid credentials Unsuccessful student add with invalid cridentials (example #2)",
              "timedOut": null,
              "duration": 20899,
              "state": "failed",
              "speed": null,
              "pass": false,
              "fail": true,
              "pending": false,
              "context": null,
              "code": "const state = window.testState;\nreturn cy\n  .then(() => state.onStartScenario(scenario, indexedSteps))\n  .then(() =>\n    resolveAndRunBeforeHooks.call(this, scenario.tags, state.feature.name)\n  )\n  .then(() =>\n    indexedSteps.forEach((step) =>\n      stepTest.call(this, state, step, rowData)\n    )\n  )\n  .then(() => state.onFinishScenario(scenario));",
              "err": {
                "message": "AssertionError: Timed out retrying after 4000ms: Expected to find element: `undefined`, but never found it.",
                "estack": "AssertionError: Timed out retrying after 4000ms: Expected to find element: `undefined`, but never found it.\n    at addStudentActions.fillStudentCridentials (cypress/pageObjects/pageActions/addMemebers/addStudent/addStudentActions.js:40:7)\n    at Context.eval (cypress/e2e/stepDef/addMemebers/student/addStudentStepDefs.js:34:20)\n    at Context.resolveAndRunStepDefinition (node_modules/cypress-cucumber-preprocessor/lib/resolveStepDefinition.js:193:0)\n    at Context.eval (node_modules/cypress-cucumber-preprocessor/lib/createTestFromScenario.js:27:0)",
                "diff": null
              },
              "uuid": "c7dafa72-a26b-4696-ba88-9fd3b3f31bf3",
              "parentUUID": "ad70a623-206f-42c1-a3e9-41f0e8caf1ba",
              "isHook": false,
              "skipped": false
            }
          ],
          "suites": [],
          "passes": [
            "dcd14de7-649d-4ced-9ffe-29891b733e2d"
          ],
          "failures": [
            "1eef400c-7194-4801-9566-4c17c786b45e",
            "3c7e46c8-f727-4551-8a39-fdb66b6c8bc7",
            "75ecf653-3dd5-463c-86f7-ee8a47f76f67",
            "c7dafa72-a26b-4696-ba88-9fd3b3f31bf3"
          ],
          "pending": [],
          "skipped": [],
          "duration": 94140,
          "root": false,
          "rootEmpty": false,
          "_timeout": 2000
        }
      ],
      "passes": [],
      "failures": [],
      "pending": [],
      "skipped": [],
      "duration": 0,
      "root": true,
      "rootEmpty": true,
      "_timeout": 2000
    }
  ],
  "meta": {
    "mocha": {
      "version": "7.0.1"
    },
    "mochawesome": {
      "options": {
        "quiet": false,
        "reportFilename": "mochawesome",
        "saveHtml": false,
        "saveJson": true,
        "consoleReporter": "spec",
        "useInlineDiffs": false,
        "code": true
      },
      "version": "7.1.3"
    },
    "marge": {
      "options": {
        "charts": true,
        "reportPageTitle": "Koors / SlashUp",
        "embeddedScreenshots": true,
        "inlineAssets": true,
        "saveAllAttempts": false,
        "overwrite": false,
        "html": false,
        "json": true,
        "reportDir": "cypress/reports/html/.jsons"
      },
      "version": "6.2.0"
    }
  }
}